e:\directx3d_study\ar46_study\project\engine\x64\debug\engine_d.pch
e:\directx3d_study\ar46_study\external\library\engine\engine_d.pdb
e:\directx3d_study\ar46_study\external\library\engine\engine_d.idb
e:\directx3d_study\ar46_study\project\engine\x64\debug\pch.obj
e:\directx3d_study\ar46_study\project\engine\x64\debug\unity_g3djf7xyz1hkextp.obj
e:\directx3d_study\ar46_study\project\engine\x64\debug\unity_ann6mse9kbjx7pm2.obj
e:\directx3d_study\ar46_study\external\library\engine\skybox.cso
e:\directx3d_study\ar46_study\external\library\engine\std3d.cso
e:\directx3d_study\ar46_study\external\library\engine\test.cso
e:\directx3d_study\ar46_study\external\library\engine\decal.cso
e:\directx3d_study\ar46_study\external\library\engine\light.cso
e:\directx3d_study\ar46_study\external\library\engine\std3d_deferred.cso
e:\directx3d_study\ar46_study\external\library\engine\engine_d.lib
e:\directx3d_study\ar46_study\project\engine\x64\debug\engine.tlog\cl.command.1.tlog
e:\directx3d_study\ar46_study\project\engine\x64\debug\engine.tlog\cl.read.1.tlog
e:\directx3d_study\ar46_study\project\engine\x64\debug\engine.tlog\cl.write.1.tlog
e:\directx3d_study\ar46_study\project\engine\x64\debug\engine.tlog\fxc.command.1.tlog
e:\directx3d_study\ar46_study\project\engine\x64\debug\engine.tlog\fxc.read.1.tlog
e:\directx3d_study\ar46_study\project\engine\x64\debug\engine.tlog\fxc.write.1.tlog
e:\directx3d_study\ar46_study\project\engine\x64\debug\engine.tlog\lib-link.read.1.tlog
e:\directx3d_study\ar46_study\project\engine\x64\debug\engine.tlog\lib-link.write.1.tlog
e:\directx3d_study\ar46_study\project\engine\x64\debug\engine.tlog\lib.command.1.tlog
